# Logfile created on 2014-02-21 12:13:20 -0500 by logger.rb/41954
I, [2014-02-21T12:13:20.291254 #66894]  INFO -- : 0:  rake (10.1.1) from /usr/local/rvm/gems/ruby-2.0.0-p353@rails4/specifications/rake-10.1.1.gemspec
I, [2014-02-21T12:13:20.291721 #66894]  INFO -- : 0:  i18n (0.6.9) from /usr/local/rvm/gems/ruby-2.0.0-p353@rails4/specifications/i18n-0.6.9.gemspec
I, [2014-02-21T12:13:20.292075 #66894]  INFO -- : 0:  minitest (4.7.5) from /usr/local/rvm/gems/ruby-2.0.0-p353@rails4/specifications/minitest-4.7.5.gemspec
I, [2014-02-21T12:13:20.292555 #66894]  INFO -- : 0:  multi_json (1.8.4) from /usr/local/rvm/gems/ruby-2.0.0-p353@rails4/specifications/multi_json-1.8.4.gemspec
I, [2014-02-21T12:13:20.292848 #66894]  INFO -- : 0:  atomic (1.1.14) from /usr/local/rvm/gems/ruby-2.0.0-p353@rails4/specifications/atomic-1.1.14.gemspec
I, [2014-02-21T12:13:20.293126 #66894]  INFO -- : 0:  thread_safe (0.1.3) from /usr/local/rvm/gems/ruby-2.0.0-p353@rails4/specifications/thread_safe-0.1.3.gemspec
I, [2014-02-21T12:13:20.293398 #66894]  INFO -- : 0:  tzinfo (0.3.38) from /usr/local/rvm/gems/ruby-2.0.0-p353@rails4/specifications/tzinfo-0.3.38.gemspec
I, [2014-02-21T12:13:20.565067 #66894]  INFO -- : 0:  activesupport (4.0.1) from /usr/local/rvm/gems/ruby-2.0.0-p353@rails4/specifications/activesupport-4.0.1.gemspec
I, [2014-02-21T12:13:20.565584 #66894]  INFO -- : 0:  builder (3.1.4) from /usr/local/rvm/gems/ruby-2.0.0-p353@rails4/specifications/builder-3.1.4.gemspec
I, [2014-02-21T12:13:20.565938 #66894]  INFO -- : 0:  erubis (2.7.0) from /usr/local/rvm/gems/ruby-2.0.0-p353@rails4/specifications/erubis-2.7.0.gemspec
I, [2014-02-21T12:13:20.566286 #66894]  INFO -- : 0:  rack (1.5.2) from /usr/local/rvm/gems/ruby-2.0.0-p353@rails4/specifications/rack-1.5.2.gemspec
I, [2014-02-21T12:13:20.566627 #66894]  INFO -- : 0:  rack-test (0.6.2) from /usr/local/rvm/gems/ruby-2.0.0-p353@rails4/specifications/rack-test-0.6.2.gemspec
I, [2014-02-21T12:13:20.822468 #66894]  INFO -- : 0:  actionpack (4.0.1) from /usr/local/rvm/gems/ruby-2.0.0-p353@rails4/specifications/actionpack-4.0.1.gemspec
I, [2014-02-21T12:13:20.822858 #66894]  INFO -- : 0:  mime-types (1.25.1) from /usr/local/rvm/gems/ruby-2.0.0-p353@rails4/specifications/mime-types-1.25.1.gemspec
I, [2014-02-21T12:13:20.823158 #66894]  INFO -- : 0:  polyglot (0.3.3) from /usr/local/rvm/gems/ruby-2.0.0-p353@rails4/specifications/polyglot-0.3.3.gemspec
I, [2014-02-21T12:13:20.823433 #66894]  INFO -- : 0:  treetop (1.4.15) from /usr/local/rvm/gems/ruby-2.0.0-p353@rails4/specifications/treetop-1.4.15.gemspec
I, [2014-02-21T12:13:20.823702 #66894]  INFO -- : 0:  mail (2.5.4) from /usr/local/rvm/gems/ruby-2.0.0-p353@rails4/specifications/mail-2.5.4.gemspec
I, [2014-02-21T12:13:20.846119 #66894]  INFO -- : 0:  actionmailer (4.0.1) from /usr/local/rvm/gems/ruby-2.0.0-p353@rails4/specifications/actionmailer-4.0.1.gemspec
I, [2014-02-21T12:13:20.908627 #66894]  INFO -- : 0:  activemodel (4.0.1) from /usr/local/rvm/gems/ruby-2.0.0-p353@rails4/specifications/activemodel-4.0.1.gemspec
I, [2014-02-21T12:13:20.909064 #66894]  INFO -- : 0:  activerecord-deprecated_finders (1.0.3) from /usr/local/rvm/gems/ruby-2.0.0-p353@rails4/specifications/activerecord-deprecated_finders-1.0.3.gemspec
I, [2014-02-21T12:13:21.019397 #66894]  INFO -- : 0:  arel (4.0.1) from /usr/local/rvm/gems/ruby-2.0.0-p353@rails4/specifications/arel-4.0.1.gemspec
I, [2014-02-21T12:13:21.214215 #66894]  INFO -- : 0:  activerecord (4.0.1) from /usr/local/rvm/gems/ruby-2.0.0-p353@rails4/specifications/activerecord-4.0.1.gemspec
I, [2014-02-21T12:13:21.214631 #66894]  INFO -- : 0:  coderay (1.1.0) from /usr/local/rvm/gems/ruby-2.0.0-p353@rails4/specifications/coderay-1.1.0.gemspec
I, [2014-02-21T12:13:21.214953 #66894]  INFO -- : 0:  coffee-script-source (1.7.0) from /usr/local/rvm/gems/ruby-2.0.0-p353@rails4/specifications/coffee-script-source-1.7.0.gemspec
I, [2014-02-21T12:13:21.215259 #66894]  INFO -- : 0:  execjs (2.0.2) from /usr/local/rvm/gems/ruby-2.0.0-p353@rails4/specifications/execjs-2.0.2.gemspec
I, [2014-02-21T12:13:21.215566 #66894]  INFO -- : 0:  coffee-script (2.2.0) from /usr/local/rvm/gems/ruby-2.0.0-p353@rails4/specifications/coffee-script-2.2.0.gemspec
I, [2014-02-21T12:13:21.215886 #66894]  INFO -- : 0:  thor (0.18.1) from /usr/local/rvm/gems/ruby-2.0.0-p353@rails4/specifications/thor-0.18.1.gemspec
I, [2014-02-21T12:13:21.388440 #66894]  INFO -- : 0:  railties (4.0.1) from /usr/local/rvm/gems/ruby-2.0.0-p353@rails4/specifications/railties-4.0.1.gemspec
I, [2014-02-21T12:13:21.388852 #66894]  INFO -- : 0:  coffee-rails (4.0.1) from /usr/local/rvm/gems/ruby-2.0.0-p353@rails4/specifications/coffee-rails-4.0.1.gemspec
I, [2014-02-21T12:13:21.514751 #66894]  INFO -- : 0:  json_pure (1.8.1) from /usr/local/rvm/gems/ruby-2.0.0-p353@rails4/specifications/json_pure-1.8.1.gemspec
I, [2014-02-21T12:13:21.571829 #66894]  INFO -- : 0:  google-translate (1.0.1) from /usr/local/rvm/gems/ruby-2.0.0-p353@rails4/specifications/google-translate-1.0.1.gemspec
I, [2014-02-21T12:13:21.572539 #66894]  INFO -- : 0:  hike (1.2.3) from /usr/local/rvm/gems/ruby-2.0.0-p353@rails4/specifications/hike-1.2.3.gemspec
I, [2014-02-21T12:13:21.573026 #66894]  INFO -- : 0:  json (1.8.1) from /usr/local/rvm/gems/ruby-2.0.0-p353@rails4/specifications/json-1.8.1.gemspec
I, [2014-02-21T12:13:21.595364 #66894]  INFO -- : 0:  multi_xml (0.5.5) from /usr/local/rvm/gems/ruby-2.0.0-p353@rails4/specifications/multi_xml-0.5.5.gemspec
I, [2014-02-21T12:13:21.681582 #66894]  INFO -- : 0:  httparty (0.12.0) from /usr/local/rvm/gems/ruby-2.0.0-p353@rails4/specifications/httparty-0.12.0.gemspec
I, [2014-02-21T12:13:21.682233 #66894]  INFO -- : 0:  jbuilder (1.5.3) from /usr/local/rvm/gems/ruby-2.0.0-p353@rails4/specifications/jbuilder-1.5.3.gemspec
I, [2014-02-21T12:13:21.682705 #66894]  INFO -- : 0:  jquery-rails (3.1.0) from /usr/local/rvm/gems/ruby-2.0.0-p353@rails4/specifications/jquery-rails-3.1.0.gemspec
I, [2014-02-21T12:13:21.683102 #66894]  INFO -- : 0:  method_source (0.8.2) from /usr/local/rvm/gems/ruby-2.0.0-p353@rails4/specifications/method_source-0.8.2.gemspec
I, [2014-02-21T12:13:21.683580 #66894]  INFO -- : 0:  pg (0.17.1) from /usr/local/rvm/gems/ruby-2.0.0-p353@rails4/specifications/pg-0.17.1.gemspec
I, [2014-02-21T12:13:21.684053 #66894]  INFO -- : 0:  slop (3.4.7) from /usr/local/rvm/gems/ruby-2.0.0-p353@rails4/specifications/slop-3.4.7.gemspec
I, [2014-02-21T12:13:21.684497 #66894]  INFO -- : 0:  pry (0.9.12.6) from /usr/local/rvm/gems/ruby-2.0.0-p353@rails4/specifications/pry-0.9.12.6.gemspec
I, [2014-02-21T12:13:21.684932 #66894]  INFO -- : 0:  bundler (1.5.1) from /usr/local/rvm/gems/ruby-2.0.0-p353@global/specifications/bundler-1.5.1.gemspec
I, [2014-02-21T12:13:21.685401 #66894]  INFO -- : 0:  tilt (1.4.1) from /usr/local/rvm/gems/ruby-2.0.0-p353@rails4/specifications/tilt-1.4.1.gemspec
I, [2014-02-21T12:13:21.685901 #66894]  INFO -- : 0:  sprockets (2.10.1) from /usr/local/rvm/gems/ruby-2.0.0-p353@rails4/specifications/sprockets-2.10.1.gemspec
I, [2014-02-21T12:13:21.686277 #66894]  INFO -- : 0:  sprockets-rails (2.0.1) from /usr/local/rvm/gems/ruby-2.0.0-p353@rails4/specifications/sprockets-rails-2.0.1.gemspec
I, [2014-02-21T12:13:22.195321 #66894]  INFO -- : 0:  rails (4.0.1) from /usr/local/rvm/gems/ruby-2.0.0-p353@rails4/specifications/rails-4.0.1.gemspec
I, [2014-02-21T12:13:22.210466 #66894]  INFO -- : 0:  rails_serve_static_assets (0.0.2) from /usr/local/rvm/gems/ruby-2.0.0-p353@rails4/specifications/rails_serve_static_assets-0.0.2.gemspec
I, [2014-02-21T12:13:22.266763 #66894]  INFO -- : 0:  rails_stdout_logging (0.0.3) from /usr/local/rvm/gems/ruby-2.0.0-p353@rails4/specifications/rails_stdout_logging-0.0.3.gemspec
I, [2014-02-21T12:13:22.304093 #66894]  INFO -- : 0:  rails_12factor (0.0.2) from /usr/local/rvm/gems/ruby-2.0.0-p353@rails4/specifications/rails_12factor-0.0.2.gemspec
I, [2014-02-21T12:13:22.304709 #66894]  INFO -- : 0:  rdoc (4.1.1) from /usr/local/rvm/gems/ruby-2.0.0-p353@rails4/specifications/rdoc-4.1.1.gemspec
I, [2014-02-21T12:13:22.305224 #66894]  INFO -- : 0:  sass (3.2.14) from /usr/local/rvm/gems/ruby-2.0.0-p353@rails4/specifications/sass-3.2.14.gemspec
I, [2014-02-21T12:13:22.305739 #66894]  INFO -- : 0:  sass-rails (4.0.1) from /usr/local/rvm/gems/ruby-2.0.0-p353@rails4/specifications/sass-rails-4.0.1.gemspec
I, [2014-02-21T12:13:22.306219 #66894]  INFO -- : 0:  sdoc (0.4.0) from /usr/local/rvm/gems/ruby-2.0.0-p353@rails4/specifications/sdoc-0.4.0.gemspec
I, [2014-02-21T12:13:22.306704 #66894]  INFO -- : 0:  turbolinks (2.2.1) from /usr/local/rvm/gems/ruby-2.0.0-p353@rails4/specifications/turbolinks-2.2.1.gemspec
I, [2014-02-21T12:13:22.307181 #66894]  INFO -- : 0:  uglifier (2.4.0) from /usr/local/rvm/gems/ruby-2.0.0-p353@rails4/specifications/uglifier-2.4.0.gemspec
